[0211/221743.455:ERROR:process_reader_win.cc(151)] SuspendThread: Acesso negado. (0x5)
[0211/221743.461:ERROR:process_reader_win.cc(151)] SuspendThread: Acesso negado. (0x5)
[0211/221743.458:ERROR:process_reader_win.cc(123)] NtOpenThread: {Acesso Negado} Um processo solicitou acesso a um objeto, mas o direito de acesso não lhe foi concedido. (0xc0000022)
[0211/221743.474:ERROR:exception_snapshot_win.cc(98)] thread ID 9780 not found in process
[0211/221743.461:ERROR:process_reader_win.cc(123)] NtOpenThread: {Acesso Negado} Um processo solicitou acesso a um objeto, mas o direito de acesso não lhe foi concedido. (0xc0000022)
[0211/221743.476:ERROR:exception_snapshot_win.cc(98)] thread ID 9776 not found in process
[0226/210955.637:ERROR:process_reader_win.cc(151)] SuspendThread: Acesso negado. (0x5)
[0226/210955.637:ERROR:process_reader_win.cc(151)] SuspendThread: Acesso negado. (0x5)
[0226/210955.637:ERROR:process_reader_win.cc(151)] SuspendThread: Acesso negado. (0x5)
[0226/210955.637:ERROR:process_reader_win.cc(151)] SuspendThread: Acesso negado. (0x5)
[0226/210955.637:ERROR:process_reader_win.cc(151)] SuspendThread: Acesso negado. (0x5)
[0226/210955.637:ERROR:process_reader_win.cc(151)] SuspendThread: Acesso negado. (0x5)
[0226/210955.637:ERROR:process_reader_win.cc(151)] SuspendThread: Acesso negado. (0x5)
[0226/210955.637:ERROR:process_reader_win.cc(123)] NtOpenThread: {Acesso Negado} Um processo solicitou acesso a um objeto, mas o direito de acesso não lhe foi concedido. (0xc0000022)
[0226/210955.653:ERROR:exception_snapshot_win.cc(98)] thread ID 5488 not found in process
[0226/210955.637:ERROR:process_reader_win.cc(123)] NtOpenThread: {Acesso Negado} Um processo solicitou acesso a um objeto, mas o direito de acesso não lhe foi concedido. (0xc0000022)
[0226/210955.653:ERROR:exception_snapshot_win.cc(98)] thread ID 3920 not found in process
[0226/211141.144:ERROR:process_reader_win.cc(151)] SuspendThread: Acesso negado. (0x5)
[0226/211141.145:ERROR:process_reader_win.cc(151)] SuspendThread: Acesso negado. (0x5)
[0226/211141.145:ERROR:process_reader_win.cc(123)] NtOpenThread: {Acesso Negado} Um processo solicitou acesso a um objeto, mas o direito de acesso não lhe foi concedido. (0xc0000022)
[0226/211141.146:ERROR:exception_snapshot_win.cc(98)] thread ID 9680 not found in process
[0226/211141.151:ERROR:process_reader_win.cc(151)] SuspendThread: Acesso negado. (0x5)
[0226/211141.151:ERROR:process_reader_win.cc(151)] SuspendThread: Acesso negado. (0x5)
[0226/211141.151:ERROR:process_reader_win.cc(151)] SuspendThread: Acesso negado. (0x5)
[0226/211141.151:ERROR:process_reader_win.cc(151)] SuspendThread: Acesso negado. (0x5)
[0226/211141.151:ERROR:process_reader_win.cc(151)] SuspendThread: Acesso negado. (0x5)
[0226/211141.151:ERROR:process_reader_win.cc(123)] NtOpenThread: {Acesso Negado} Um processo solicitou acesso a um objeto, mas o direito de acesso não lhe foi concedido. (0xc0000022)
[0226/211141.151:ERROR:exception_snapshot_win.cc(98)] thread ID 3604 not found in process
[0226/211500.055:ERROR:process_reader_win.cc(151)] SuspendThread: Acesso negado. (0x5)
[0226/211500.056:ERROR:process_reader_win.cc(151)] SuspendThread: Acesso negado. (0x5)
[0226/211500.056:ERROR:process_reader_win.cc(151)] SuspendThread: Acesso negado. (0x5)
[0226/211500.056:ERROR:process_reader_win.cc(151)] SuspendThread: Acesso negado. (0x5)
[0226/211500.056:ERROR:process_reader_win.cc(151)] SuspendThread: Acesso negado. (0x5)
[0226/211500.056:ERROR:process_reader_win.cc(151)] SuspendThread: Acesso negado. (0x5)
[0226/211500.056:ERROR:process_reader_win.cc(151)] SuspendThread: Acesso negado. (0x5)
[0226/211500.056:ERROR:process_reader_win.cc(151)] SuspendThread: Acesso negado. (0x5)
[0226/211500.056:ERROR:process_reader_win.cc(151)] SuspendThread: Acesso negado. (0x5)
[0226/211500.056:ERROR:process_reader_win.cc(151)] SuspendThread: Acesso negado. (0x5)
[0226/211500.056:ERROR:process_reader_win.cc(151)] SuspendThread: Acesso negado. (0x5)
[0226/211500.056:ERROR:process_reader_win.cc(123)] NtOpenThread: {Acesso Negado} Um processo solicitou acesso a um objeto, mas o direito de acesso não lhe foi concedido. (0xc0000022)
[0226/211500.057:ERROR:exception_snapshot_win.cc(98)] thread ID 10036 not found in process
[0226/211500.073:ERROR:process_reader_win.cc(151)] SuspendThread: Acesso negado. (0x5)
[0226/211500.075:ERROR:process_reader_win.cc(151)] SuspendThread: Acesso negado. (0x5)
[0226/211500.075:ERROR:process_reader_win.cc(151)] SuspendThread: Acesso negado. (0x5)
[0226/211500.075:ERROR:process_reader_win.cc(151)] SuspendThread: Acesso negado. (0x5)
[0226/211500.075:ERROR:process_reader_win.cc(151)] SuspendThread: Acesso negado. (0x5)
[0226/211500.075:ERROR:process_reader_win.cc(123)] NtOpenThread: {Acesso Negado} Um processo solicitou acesso a um objeto, mas o direito de acesso não lhe foi concedido. (0xc0000022)
[0226/211500.075:ERROR:exception_snapshot_win.cc(98)] thread ID 6216 not found in process
[0226/220116.161:ERROR:process_reader_win.cc(151)] SuspendThread: Acesso negado. (0x5)
[0226/220116.161:ERROR:process_reader_win.cc(151)] SuspendThread: Acesso negado. (0x5)
[0226/220116.161:ERROR:process_reader_win.cc(151)] SuspendThread: Acesso negado. (0x5)
[0226/220116.161:ERROR:process_reader_win.cc(151)] SuspendThread: Acesso negado. (0x5)
[0226/220116.161:ERROR:process_reader_win.cc(151)] SuspendThread: Acesso negado. (0x5)
[0226/220116.161:ERROR:process_reader_win.cc(123)] NtOpenThread: {Acesso Negado} Um processo solicitou acesso a um objeto, mas o direito de acesso não lhe foi concedido. (0xc0000022)
[0226/220116.161:ERROR:process_reader_win.cc(123)] NtOpenThread: {Acesso Negado} Um processo solicitou acesso a um objeto, mas o direito de acesso não lhe foi concedido. (0xc0000022)
[0226/220116.161:ERROR:exception_snapshot_win.cc(98)] thread ID 1620 not found in process
[0226/220116.161:ERROR:exception_snapshot_win.cc(98)] thread ID 3404 not found in process
[0226/220717.426:ERROR:process_reader_win.cc(151)] SuspendThread: Acesso negado. (0x5)
[0226/220717.427:ERROR:process_reader_win.cc(151)] SuspendThread: Acesso negado. (0x5)
[0226/220717.427:ERROR:process_reader_win.cc(151)] SuspendThread: Acesso negado. (0x5)
[0226/220717.427:ERROR:process_reader_win.cc(151)] SuspendThread: Acesso negado. (0x5)
[0226/220717.427:ERROR:process_reader_win.cc(151)] SuspendThread: Acesso negado. (0x5)
[0226/220717.427:ERROR:process_reader_win.cc(151)] SuspendThread: Acesso negado. (0x5)
[0226/220717.427:ERROR:process_reader_win.cc(151)] SuspendThread: Acesso negado. (0x5)
[0226/220717.427:ERROR:process_reader_win.cc(151)] SuspendThread: Acesso negado. (0x5)
[0226/220717.427:ERROR:process_reader_win.cc(151)] SuspendThread: Acesso negado. (0x5)
[0226/220717.427:ERROR:process_reader_win.cc(123)] NtOpenThread: {Acesso Negado} Um processo solicitou acesso a um objeto, mas o direito de acesso não lhe foi concedido. (0xc0000022)
[0226/220717.428:ERROR:exception_snapshot_win.cc(98)] thread ID 8532 not found in process
[0226/220717.464:ERROR:process_reader_win.cc(151)] SuspendThread: Acesso negado. (0x5)
[0226/220717.464:ERROR:process_reader_win.cc(151)] SuspendThread: Acesso negado. (0x5)
[0226/220717.464:ERROR:process_reader_win.cc(151)] SuspendThread: Acesso negado. (0x5)
[0226/220717.464:ERROR:process_reader_win.cc(151)] SuspendThread: Acesso negado. (0x5)
[0226/220717.464:ERROR:process_reader_win.cc(151)] SuspendThread: Acesso negado. (0x5)
[0226/220717.464:ERROR:process_reader_win.cc(151)] SuspendThread: Acesso negado. (0x5)
[0226/220717.464:ERROR:process_reader_win.cc(123)] NtOpenThread: {Acesso Negado} Um processo solicitou acesso a um objeto, mas o direito de acesso não lhe foi concedido. (0xc0000022)
[0226/220717.464:ERROR:exception_snapshot_win.cc(98)] thread ID 8924 not found in process
[0226/221241.336:ERROR:process_reader_win.cc(151)] SuspendThread: Acesso negado. (0x5)
[0226/221241.337:ERROR:process_reader_win.cc(151)] SuspendThread: Acesso negado. (0x5)
[0226/221241.337:ERROR:process_reader_win.cc(123)] NtOpenThread: {Acesso Negado} Um processo solicitou acesso a um objeto, mas o direito de acesso não lhe foi concedido. (0xc0000022)
[0226/221241.337:ERROR:exception_snapshot_win.cc(98)] thread ID 11372 not found in process
[0226/221241.362:ERROR:process_reader_win.cc(123)] NtOpenThread: {Acesso Negado} Um processo solicitou acesso a um objeto, mas o direito de acesso não lhe foi concedido. (0xc0000022)
[0226/221241.362:ERROR:exception_snapshot_win.cc(98)] thread ID 7572 not found in process
[0226/222517.613:ERROR:process_reader_win.cc(123)] NtOpenThread: {Acesso Negado} Um processo solicitou acesso a um objeto, mas o direito de acesso não lhe foi concedido. (0xc0000022)
[0226/222517.614:ERROR:exception_snapshot_win.cc(98)] thread ID 1888 not found in process
[0226/222517.667:ERROR:process_reader_win.cc(151)] SuspendThread: Acesso negado. (0x5)
[0226/222517.667:ERROR:process_reader_win.cc(151)] SuspendThread: Acesso negado. (0x5)
[0226/222517.668:ERROR:process_reader_win.cc(151)] SuspendThread: Acesso negado. (0x5)
[0226/222517.668:ERROR:process_reader_win.cc(151)] SuspendThread: Acesso negado. (0x5)
[0226/222517.668:ERROR:process_reader_win.cc(151)] SuspendThread: Acesso negado. (0x5)
[0226/222517.668:ERROR:process_reader_win.cc(123)] NtOpenThread: {Acesso Negado} Um processo solicitou acesso a um objeto, mas o direito de acesso não lhe foi concedido. (0xc0000022)
[0226/222517.668:ERROR:exception_snapshot_win.cc(98)] thread ID 3132 not found in process
[0301/000421.353:ERROR:process_reader_win.cc(182)] ResumeThread: Parâmetro incorreto. (0x57)
[0301/000421.370:ERROR:process_reader_win.cc(123)] NtOpenThread: Foi especificado um identificador de cliente inválido. (0xc000000b)
[0301/000421.370:ERROR:process_reader_win.cc(151)] SuspendThread: Acesso negado. (0x5)
[0301/000421.370:ERROR:process_reader_win.cc(123)] NtOpenThread: Foi especificado um identificador de cliente inválido. (0xc000000b)
[0301/000421.370:ERROR:process_reader_win.cc(123)] NtOpenThread: Foi especificado um identificador de cliente inválido. (0xc000000b)
[0301/000421.370:ERROR:process_reader_win.cc(123)] NtOpenThread: Foi especificado um identificador de cliente inválido. (0xc000000b)
[0301/000421.370:ERROR:process_reader_win.cc(123)] NtOpenThread: Foi especificado um identificador de cliente inválido. (0xc000000b)
[0301/000421.370:ERROR:process_reader_win.cc(123)] NtOpenThread: Foi especificado um identificador de cliente inválido. (0xc000000b)
[0301/000421.370:ERROR:process_reader_win.cc(123)] NtOpenThread: Foi especificado um identificador de cliente inválido. (0xc000000b)
[0301/000421.370:ERROR:process_reader_win.cc(123)] NtOpenThread: Foi especificado um identificador de cliente inválido. (0xc000000b)
[0301/000421.370:ERROR:process_reader_win.cc(123)] NtOpenThread: Foi especificado um identificador de cliente inválido. (0xc000000b)
[0301/000421.370:ERROR:process_reader_win.cc(123)] NtOpenThread: Foi especificado um identificador de cliente inválido. (0xc000000b)
[0301/000421.370:ERROR:process_reader_win.cc(123)] NtOpenThread: Foi especificado um identificador de cliente inválido. (0xc000000b)
[0301/000421.370:ERROR:process_reader_win.cc(123)] NtOpenThread: Foi especificado um identificador de cliente inválido. (0xc000000b)
[0301/000421.370:ERROR:process_reader_win.cc(123)] NtOpenThread: Foi especificado um identificador de cliente inválido. (0xc000000b)
[0301/000421.370:ERROR:exception_snapshot_win.cc(98)] thread ID 4296 not found in process
[0301/000421.370:ERROR:scoped_process_suspend.cc(40)] NtResumeProcess: Tentou-se acessar um processo de saída. (0xc000010a)
